<?xml version="1.0" encoding="UTF-8"?>
<!-- Generated by org.testng.reporters.JUnitXMLReporter -->
<testsuite ignored="0" hostname="Manickam" failures="0" tests="2" name="Default test" time="0.043" errors="0" timestamp="2024-07-17T09:26:19 IST">
  <testcase classname="com.viji.selenium.assignments.FindTheUniqueNumbersFromListUsingStream" name="ArrayListDemo" time="0.007"/>
  <testcase classname="com.viji.selenium.assignments.FindTheUniqueNumbersFromListUsingStream" name="streamDemo" time="0.003"/>
</testsuite> <!-- Default test -->
