<?xml version="1.0" encoding="UTF-8"?>
<testng-results ignored="0" total="2" passed="2" failed="0" skipped="0">
  <reporter-output>
  </reporter-output>
  <suite started-at="2024-07-17T09:26:19 IST" name="Default suite" finished-at="2024-07-17T09:26:19 IST" duration-ms="43">
    <groups>
    </groups>
    <test started-at="2024-07-17T09:26:19 IST" name="Default test" finished-at="2024-07-17T09:26:19 IST" duration-ms="43">
      <class name="com.viji.selenium.assignments.FindTheUniqueNumbersFromListUsingStream">
        <test-method signature="ArrayListDemo()[pri:0, instance:com.viji.selenium.assignments.FindTheUniqueNumbersFromListUsingStream@4a883b15]" started-at="2024-07-17T09:26:19 IST" name="ArrayListDemo" finished-at="2024-07-17T09:26:19 IST" duration-ms="7" status="PASS">
          <reporter-output>
          </reporter-output>
        </test-method> <!-- ArrayListDemo -->
        <test-method signature="streamDemo()[pri:0, instance:com.viji.selenium.assignments.FindTheUniqueNumbersFromListUsingStream@4a883b15]" started-at="2024-07-17T09:26:19 IST" name="streamDemo" finished-at="2024-07-17T09:26:19 IST" duration-ms="3" status="PASS">
          <reporter-output>
          </reporter-output>
        </test-method> <!-- streamDemo -->
      </class> <!-- com.viji.selenium.assignments.FindTheUniqueNumbersFromListUsingStream -->
    </test> <!-- Default test -->
  </suite> <!-- Default suite -->
</testng-results>
